Information: Propagating switching activity (low effort zero delay simulation). (PWR-6)
Warning: Design has unannotated primary inputs. (PWR-414)
Warning: Design has unannotated sequential cell outputs. (PWR-415)
 
****************************************
Report : power
        -hier
        -analysis_effort low
Design : UART_RX
Version: K-2015.06
Date   : Tue Dec 13 05:46:44 2022
****************************************


Library(s) Used:

    scmetro_tsmc_cl013g_rvt_ss_1p08v_125c (File: /home/IC/Assignments/Ass_Syn_UART_RX/std_cells/scmetro_tsmc_cl013g_rvt_ss_1p08v_125c.db)


Operating Conditions: scmetro_tsmc_cl013g_rvt_ss_1p08v_125c   Library: scmetro_tsmc_cl013g_rvt_ss_1p08v_125c
Wire Load Model Mode: top

Design        Wire Load Model            Library
------------------------------------------------
UART_RX                tsmc13_wl30       scmetro_tsmc_cl013g_rvt_ss_1p08v_125c


Global Operating Voltage = 1.08 
Power-specific unit information :
    Voltage Units = 1V
    Capacitance Units = 1.000000pf
    Time Units = 1ns
    Dynamic Power Units = 1mW    (derived from V,C,T units)
    Leakage Power Units = 1pW


--------------------------------------------------------------------------------
                                       Switch   Int      Leak     Total
Hierarchy                              Power    Power    Power    Power    %
--------------------------------------------------------------------------------
UART_RX                                1.44e-02 4.48e-03 1.64e+06 2.05e-02 100.0
  U_Mux_rst (mux2X1_0)                 6.99e-04 2.67e-05 1.18e+04 7.38e-04   3.6
  U_Mux_clk (mux2X1_1)                 5.12e-03 1.74e-04 1.18e+04 5.31e-03  25.9
  U_Stop_check (Stop_check_test_1)     5.69e-05 1.32e-04 3.86e+04 2.28e-04   1.1
  U_strt_check (strt_check_test_1)     8.97e-05 1.50e-04 3.95e+04 2.79e-04   1.4
  U_parity_check (parity_check_test_1) 1.87e-04 2.03e-04 1.30e+05 5.21e-04   2.5
  U_deserializer (deserializer_test_1) 2.41e-03 9.15e-04 3.76e+05 3.70e-03  18.1
  U_edge_bit_counter (edge_bit_counter_test_1)
                                       2.47e-03 1.35e-03 3.51e+05 4.17e-03  20.4
  U_data_sampling (data_sampling_test_1)
                                       1.56e-03 9.33e-04 3.40e+05 2.84e-03  13.8
  U_FSM (FSM_test_1)                   1.17e-03 5.37e-04 2.87e+05 1.99e-03   9.7
1
