Loading db file '/home/IC/Assignments/Ass_Syn_UART_RX/std_cells/scmetro_tsmc_cl013g_rvt_ss_1p08v_125c.db'
Information: Propagating switching activity (low effort zero delay simulation). (PWR-6)
Warning: Design has unannotated primary inputs. (PWR-414)
Warning: Design has unannotated sequential cell outputs. (PWR-415)
 
****************************************
Report : power
        -hier
        -analysis_effort low
Design : UART_RX
Version: K-2015.06
Date   : Tue Dec 13 02:41:11 2022
****************************************


Library(s) Used:

    scmetro_tsmc_cl013g_rvt_ss_1p08v_125c (File: /home/IC/Assignments/Ass_Syn_UART_RX/std_cells/scmetro_tsmc_cl013g_rvt_ss_1p08v_125c.db)


Operating Conditions: scmetro_tsmc_cl013g_rvt_ss_1p08v_125c   Library: scmetro_tsmc_cl013g_rvt_ss_1p08v_125c
Wire Load Model Mode: top

Design        Wire Load Model            Library
------------------------------------------------
UART_RX                tsmc13_wl30       scmetro_tsmc_cl013g_rvt_ss_1p08v_125c


Global Operating Voltage = 1.08 
Power-specific unit information :
    Voltage Units = 1V
    Capacitance Units = 1.000000pf
    Time Units = 1ns
    Dynamic Power Units = 1mW    (derived from V,C,T units)
    Leakage Power Units = 1pW


--------------------------------------------------------------------------------
                                       Switch   Int      Leak     Total
Hierarchy                              Power    Power    Power    Power    %
--------------------------------------------------------------------------------
UART_RX                                5.39e-03 5.57e-03 1.48e+06 1.24e-02 100.0
  U_Stop_check (Stop_check)               0.000 1.44e-04 1.84e+04 1.62e-04   1.3
  U_strt_check (strt_check)            1.55e-05 1.76e-04 1.93e+04 2.11e-04   1.7
  U_parity_check (parity_check)        5.24e-05 1.67e-04 1.23e+05 3.42e-04   2.7
  U_deserializer (deserializer)        9.53e-05 1.25e-03 3.65e+05 1.71e-03  13.7
  U_edge_bit_counter (edge_bit_counter)
                                       2.56e-03 1.82e-03 3.10e+05 4.69e-03  37.6
  U_data_sampling (data_sampling)      1.49e-03 1.32e-03 3.21e+05 3.12e-03  25.1
  U_FSM (FSM)                          5.82e-04 6.45e-04 2.75e+05 1.50e-03  12.1
1
